
> panel-talleres@0.0.0 start
> ng serve

[33m❯[39m Building...
[32m✔[39m Building...
[1mInitial chunk files[22m[2m | [22m[1mNames[22m        [2m | [22m [1mRaw size[22m
[32mmain.js[39m            [2m | [22m[2mmain[22m         [2m | [22m[36m718.46 kB[39m[2m | [22m
[32mstyles.css[39m         [2m | [22m[2mstyles[22m       [2m | [22m [36m33.99 kB[39m[2m | [22m
[32mchunk-4U35PKH7.js[39m  [2m | [22m[2m-[22m            [2m | [22m  [36m1.68 kB[39m[2m | [22m

[1m [22m                  [2m | [22m[1mInitial total[22m[2m | [22m[1m754.13 kB[22m

[1mLazy chunk files[22m   [2m | [22m[1mNames[22m        [2m | [22m [1mRaw size[22m
[32mchunk-J3AUTR6M.js[39m  [2m | [22m[2menvironment[22m  [2m | [22m[36m122 bytes[39m[2m | [22m

Application bundle generation complete. [2.240 seconds] - 2026-05-22T14:59:10.771Z

Watch mode enabled. Watching for file changes...
NOTE: Raw file sizes do not reflect development server per-request transformations.
  [32m➜[39m  [1mLocal[22m:   [36mhttp://localhost:[1m4200[22m/[39m
[33m❯[39m Changes detected. Rebuilding...
[32m✔[39m Changes detected. Rebuilding...
[1mInitial chunk files[22m[2m | [22m[1mNames[22m[2m | [22m [1mRaw size[22m
[32mmain.js[39m            [2m | [22m[2mmain[22m [2m | [22m[36m718.59 kB[39m[2m | [22m

Application bundle generation complete. [0.834 seconds] - 2026-05-22T15:27:25.527Z

Page reload sent to client(s).
[33m❯[39m Changes detected. Rebuilding...
[32m✔[39m Changes detected. Rebuilding...
Application bundle generation failed. [0.194 seconds] - 2026-05-22T15:28:01.545Z

[1m[33m[33m▲ [43;33m[[43;30mWARNING[43;33m][0m [1mNG8113: DecimalPipe is not used within the template of SolicitudesComponent[0m [1m[35m[plugin angular-compiler][0m

    src/app/dashboards/taller/solicitudes/solicitudes.component.ts:27:36:
[37m      27 │   imports: [CommonModule, DatePipe, [32mDecimalPipe[37m],
         ╵                                     [32m~~~~~~~~~~~[0m

[39m[22m
[1m[31m[31mX [41;31m[[41;97mERROR[41;31m][0m [1mTS2339: Property 'estadosDisponibles' does not exist on type 'SolicitudesComponent'.[0m [1m[35m[plugin angular-compiler][0m

    src/app/dashboards/taller/solicitudes/solicitudes.component.html:11:20:
[37m      11 │     @for (estado of [32mestadosDisponibles[37m; track estado) {
         ╵                     [32m~~~~~~~~~~~~~~~~~~[0m

  Error occurs in the template of component SolicitudesComponent.

    src/app/dashboards/taller/solicitudes/solicitudes.component.ts:28:15:
[37m      28 │   templateUrl: [32m'./solicitudes.component.html'[37m,
         ╵                [32m~~~~~~~~~~~~~~~~~~~~~~~~~~~~~~[0m

[39m[22m
[33m❯[39m Changes detected. Rebuilding...
[32m✔[39m Changes detected. Rebuilding...
[1mInitial chunk files[22m[2m | [22m[1mNames[22m        [2m | [22m [1mRaw size[22m
[32mmain.js[39m            [2m | [22m[2mmain[22m         [2m | [22m[36m731.59 kB[39m[2m | [22m
[32mstyles.css[39m         [2m | [22m[2mstyles[22m       [2m | [22m [36m33.99 kB[39m[2m | [22m
[32mchunk-4U35PKH7.js[39m  [2m | [22m[2m-[22m            [2m | [22m  [36m1.68 kB[39m[2m | [22m

[1m [22m                  [2m | [22m[1mInitial total[22m[2m | [22m[1m767.26 kB[22m

[1mLazy chunk files[22m   [2m | [22m[1mNames[22m        [2m | [22m [1mRaw size[22m
[32mchunk-J3AUTR6M.js[39m  [2m | [22m[2menvironment[22m  [2m | [22m[36m122 bytes[39m[2m | [22m

Application bundle generation complete. [0.169 seconds] - 2026-05-22T15:28:36.008Z

Page reload sent to client(s).
[33m❯[39m Changes detected. Rebuilding...
[32m✔[39m Changes detected. Rebuilding...
[1mInitial chunk files[22m[2m | [22m[1mNames[22m[2m | [22m [1mRaw size[22m
[32mmain.js[39m            [2m | [22m[2mmain[22m [2m | [22m[36m732.28 kB[39m[2m | [22m

Application bundle generation complete. [0.203 seconds] - 2026-05-22T15:28:54.554Z

Component update sent to client(s).
[33m❯[39m Changes detected. Rebuilding...
[32m✔[39m Changes detected. Rebuilding...
[1mInitial chunk files[22m[2m | [22m[1mNames[22m[2m | [22m [1mRaw size[22m
[32mmain.js[39m            [2m | [22m[2mmain[22m [2m | [22m[36m732.91 kB[39m[2m | [22m

Application bundle generation complete. [0.180 seconds] - 2026-05-22T15:29:01.432Z

Component update sent to client(s).
[33m❯[39m Changes detected. Rebuilding...
[32m✔[39m Changes detected. Rebuilding...
[1mInitial chunk files[22m[2m | [22m[1mNames[22m[2m | [22m [1mRaw size[22m
[32mmain.js[39m            [2m | [22m[2mmain[22m [2m | [22m[36m738.88 kB[39m[2m | [22m

Application bundle generation complete. [0.178 seconds] - 2026-05-22T15:29:19.686Z

Component update sent to client(s).
[33m❯[39m Changes detected. Rebuilding...
[32m✔[39m Changes detected. Rebuilding...
[1mInitial chunk files[22m[2m | [22m[1mNames[22m[2m | [22m [1mRaw size[22m
[32mmain.js[39m            [2m | [22m[2mmain[22m [2m | [22m[36m738.88 kB[39m[2m | [22m

Application bundle generation complete. [0.276 seconds] - 2026-05-22T15:29:43.785Z

Page reload sent to client(s).
[33m❯[39m Changes detected. Rebuilding...
[32m✔[39m Changes detected. Rebuilding...
Application bundle generation failed. [0.269 seconds] - 2026-05-22T15:29:51.447Z

[1m[31m[31mX [41;31m[[41;97mERROR[41;31m][0m [1mTS2339: Property 'cargandoSolicitudes' does not exist on type 'DashboardTallerComponent'.[0m [1m[35m[plugin angular-compiler][0m

    src/app/dashboards/taller/dashboard-taller.component.html:47:104:
[37m      47 │ ...="cargarSolicitudesPendientes()" [disabled]="[32mcargandoSolicitudes[37m">
         ╵                                                 [32m~~~~~~~~~~~~~~~~~~~[0m

  Error occurs in the template of component DashboardTallerComponent.

    src/app/dashboards/taller/dashboard-taller.component.ts:37:15:
[37m      37 │   templateUrl: [32m'./dashboard-taller.component.html'[37m,
         ╵                [32m~~~~~~~~~~~~~~~~~~~~~~~~~~~~~~~~~~~[0m


[31mX [41;31m[[41;97mERROR[41;31m][0m [1mTS2339: Property 'errorSolicitudes' does not exist on type 'DashboardTallerComponent'.[0m [1m[35m[plugin angular-compiler][0m

    src/app/dashboards/taller/dashboard-taller.component.html:56:9:
[37m      56 │     @if ([32merrorSolicitudes[37m) {
         ╵          [32m~~~~~~~~~~~~~~~~[0m

  Error occurs in the template of component DashboardTallerComponent.

    src/app/dashboards/taller/dashboard-taller.component.ts:37:15:
[37m      37 │   templateUrl: [32m'./dashboard-taller.component.html'[37m,
         ╵                [32m~~~~~~~~~~~~~~~~~~~~~~~~~~~~~~~~~~~[0m


[31mX [41;31m[[41;97mERROR[41;31m][0m [1mTS2339: Property 'errorSolicitudes' does not exist on type 'DashboardTallerComponent'.[0m [1m[35m[plugin angular-compiler][0m

    src/app/dashboards/taller/dashboard-taller.component.html:58:23:
[37m      58 │         <span (click)="[32merrorSolicitudes[37m = null" class="close-btn">...
         ╵                        [32m~~~~~~~~~~~~~~~~[0m

  Error occurs in the template of component DashboardTallerComponent.

    src/app/dashboards/taller/dashboard-taller.component.ts:37:15:
[37m      37 │   templateUrl: [32m'./dashboard-taller.component.html'[37m,
         ╵                [32m~~~~~~~~~~~~~~~~~~~~~~~~~~~~~~~~~~~[0m


[31mX [41;31m[[41;97mERROR[41;31m][0m [1mTS2339: Property 'errorSolicitudes' does not exist on type 'DashboardTallerComponent'.[0m [1m[35m[plugin angular-compiler][0m

    src/app/dashboards/taller/dashboard-taller.component.html:59:11:
[37m      59 │         {{ [32merrorSolicitudes[37m }}
         ╵            [32m~~~~~~~~~~~~~~~~[0m

  Error occurs in the template of component DashboardTallerComponent.

    src/app/dashboards/taller/dashboard-taller.component.ts:37:15:
[37m      37 │   templateUrl: [32m'./dashboard-taller.component.html'[37m,
         ╵                [32m~~~~~~~~~~~~~~~~~~~~~~~~~~~~~~~~~~~[0m


[31mX [41;31m[[41;97mERROR[41;31m][0m [1mTS2339: Property 'cargandoSolicitudes' does not exist on type 'DashboardTallerComponent'.[0m [1m[35m[plugin angular-compiler][0m

    src/app/dashboards/taller/dashboard-taller.component.html:63:9:
[37m      63 │     @if ([32mcargandoSolicitudes[37m) {
         ╵          [32m~~~~~~~~~~~~~~~~~~~[0m

  Error occurs in the template of component DashboardTallerComponent.

    src/app/dashboards/taller/dashboard-taller.component.ts:37:15:
[37m      37 │   templateUrl: [32m'./dashboard-taller.component.html'[37m,
         ╵                [32m~~~~~~~~~~~~~~~~~~~~~~~~~~~~~~~~~~~[0m


[31mX [41;31m[[41;97mERROR[41;31m][0m [1mTS2551: Property 'solicitudesPendientes' does not exist on type 'DashboardTallerComponent'. Did you mean 'cargarSolicitudesPendientes'?[0m [1m[35m[plugin angular-compiler][0m

    src/app/dashboards/taller/dashboard-taller.component.html:65:16:
[37m      65 │     } @else if ([32msolicitudesPendientes[37m.length === 0) {
         ╵                 [32m~~~~~~~~~~~~~~~~~~~~~[0m

  Error occurs in the template of component DashboardTallerComponent.

    src/app/dashboards/taller/dashboard-taller.component.ts:37:15:
[37m      37 │   templateUrl: [32m'./dashboard-taller.component.html'[37m,
         ╵                [32m~~~~~~~~~~~~~~~~~~~~~~~~~~~~~~~~~~~[0m


[31mX [41;31m[[41;97mERROR[41;31m][0m [1mTS2551: Property 'solicitudesPendientes' does not exist on type 'DashboardTallerComponent'. Did you mean 'cargarSolicitudesPendientes'?[0m [1m[35m[plugin angular-compiler][0m

    src/app/dashboards/taller/dashboard-taller.component.html:71:19:
[37m      71 │         @for (s of [32msolicitudesPendientes[37m; track s.id_asignacion) {
         ╵                    [32m~~~~~~~~~~~~~~~~~~~~~[0m

  Error occurs in the template of component DashboardTallerComponent.

    src/app/dashboards/taller/dashboard-taller.component.ts:37:15:
[37m      37 │   templateUrl: [32m'./dashboard-taller.component.html'[37m,
         ╵                [32m~~~~~~~~~~~~~~~~~~~~~~~~~~~~~~~~~~~[0m


[31mX [41;31m[[41;97mERROR[41;31m][0m [1mTS2420: Class 'DashboardTallerComponent' incorrectly implements interface 'OnDestroy'.
  Property 'ngOnDestroy' is missing in type 'DashboardTallerComponent' but required in type 'OnDestroy'.[0m [1m[35m[plugin angular-compiler][0m

    src/app/dashboards/taller/dashboard-taller.component.ts:40:13:
[37m      40 │ export class [32mDashboardTallerComponent[37m implements OnInit, OnDestroy {
         ╵              [32m~~~~~~~~~~~~~~~~~~~~~~~~[0m

  'ngOnDestroy' is declared here.

    node_modules/@angular/core/types/core.d.ts:783:4:
[37m      783 │     [32mngOnDestroy(): void;[37m
          ╵     [32m~~~~~~~~~~~~~~~~~~~~[0m


[31mX [41;31m[[41;97mERROR[41;31m][0m [1mTS2339: Property 'cargandoSolicitudes' does not exist on type 'DashboardTallerComponent'.[0m [1m[35m[plugin angular-compiler][0m

    src/app/dashboards/taller/dashboard-taller.component.ts:134:9:
[37m      134 │     this.[32mcargandoSolicitudes[37m = true;
          ╵          [32m~~~~~~~~~~~~~~~~~~~[0m


[31mX [41;31m[[41;97mERROR[41;31m][0m [1mTS2339: Property 'errorSolicitudes' does not exist on type 'DashboardTallerComponent'.[0m [1m[35m[plugin angular-compiler][0m

    src/app/dashboards/taller/dashboard-taller.component.ts:135:9:
[37m      135 │     this.[32merrorSolicitudes[37m = null;
          ╵          [32m~~~~~~~~~~~~~~~~[0m


[31mX [41;31m[[41;97mERROR[41;31m][0m [1mTS2551: Property 'solicitudesPendientes' does not exist on type 'DashboardTallerComponent'. Did you mean 'cargarSolicitudesPendientes'?[0m [1m[35m[plugin angular-compiler][0m

    src/app/dashboards/taller/dashboard-taller.component.ts:139:13:
[37m      139 │         this.[32msolicitudesPendientes[37m = data;
          ╵              [32m~~~~~~~~~~~~~~~~~~~~~[0m

  'cargarSolicitudesPendientes' is declared here.

    src/app/dashboards/taller/dashboard-taller.component.ts:129:2:
[37m      129 │   [32mcargarSolicitudesPendientes[37m(): void {
          ╵   [32m~~~~~~~~~~~~~~~~~~~~~~~~~~~[0m


[31mX [41;31m[[41;97mERROR[41;31m][0m [1mTS2339: Property 'cargandoSolicitudes' does not exist on type 'DashboardTallerComponent'.[0m [1m[35m[plugin angular-compiler][0m

    src/app/dashboards/taller/dashboard-taller.component.ts:141:13:
[37m      141 │         this.[32mcargandoSolicitudes[37m = false;
          ╵              [32m~~~~~~~~~~~~~~~~~~~[0m


[31mX [41;31m[[41;97mERROR[41;31m][0m [1mTS2339: Property 'errorSolicitudes' does not exist on type 'DashboardTallerComponent'.[0m [1m[35m[plugin angular-compiler][0m

    src/app/dashboards/taller/dashboard-taller.component.ts:145:13:
[37m      145 │         this.[32merrorSolicitudes[37m = err?.error?.detail || err?.messag...
          ╵              [32m~~~~~~~~~~~~~~~~[0m


[31mX [41;31m[[41;97mERROR[41;31m][0m [1mTS2339: Property 'cargandoSolicitudes' does not exist on type 'DashboardTallerComponent'.[0m [1m[35m[plugin angular-compiler][0m

    src/app/dashboards/taller/dashboard-taller.component.ts:146:13:
[37m      146 │         this.[32mcargandoSolicitudes[37m = false;
          ╵              [32m~~~~~~~~~~~~~~~~~~~[0m


[31mX [41;31m[[41;97mERROR[41;31m][0m [1mTS2339: Property 'cargandoSolicitudes' does not exist on type 'DashboardTallerComponent'.[0m [1m[35m[plugin angular-compiler][0m

    src/app/dashboards/taller/dashboard-taller.component.ts:155:9:
[37m      155 │     this.[32mcargandoSolicitudes[37m = true;
          ╵          [32m~~~~~~~~~~~~~~~~~~~[0m


[31mX [41;31m[[41;97mERROR[41;31m][0m [1mTS2551: Property 'solicitudesPendientes' does not exist on type 'DashboardTallerComponent'. Did you mean 'cargarSolicitudesPendientes'?[0m [1m[35m[plugin angular-compiler][0m

    src/app/dashboards/taller/dashboard-taller.component.ts:170:13:
[37m      170 │         this.[32msolicitudesPendientes[37m = pendientes;
          ╵              [32m~~~~~~~~~~~~~~~~~~~~~[0m

  'cargarSolicitudesPendientes' is declared here.

    src/app/dashboards/taller/dashboard-taller.component.ts:129:2:
[37m      129 │   [32mcargarSolicitudesPendientes[37m(): void {
          ╵   [32m~~~~~~~~~~~~~~~~~~~~~~~~~~~[0m


[31mX [41;31m[[41;97mERROR[41;31m][0m [1mTS2339: Property 'cargandoSolicitudes' does not exist on type 'DashboardTallerComponent'.[0m [1m[35m[plugin angular-compiler][0m

    src/app/dashboards/taller/dashboard-taller.component.ts:196:13:
[37m      196 │         this.[32mcargandoSolicitudes[37m = false;
          ╵              [32m~~~~~~~~~~~~~~~~~~~[0m


[31mX [41;31m[[41;97mERROR[41;31m][0m [1mTS2339: Property 'cargandoSolicitudes' does not exist on type 'DashboardTallerComponent'.[0m [1m[35m[plugin angular-compiler][0m

    src/app/dashboards/taller/dashboard-taller.component.ts:204:13:
[37m      204 │         this.[32mcargandoSolicitudes[37m = false;
          ╵              [32m~~~~~~~~~~~~~~~~~~~[0m

[39m[22m
[33m❯[39m Changes detected. Rebuilding...
[32m✔[39m Changes detected. Rebuilding...
Application bundle generation failed. [0.222 seconds] - 2026-05-22T15:30:00.520Z

[1m[31m[31mX [41;31m[[41;97mERROR[41;31m][0m [1mTS2339: Property 'cargandoSolicitudes' does not exist on type 'DashboardTallerComponent'.[0m [1m[35m[plugin angular-compiler][0m

    src/app/dashboards/taller/dashboard-taller.component.html:47:104:
[37m      47 │ ...="cargarSolicitudesPendientes()" [disabled]="[32mcargandoSolicitudes[37m">
         ╵                                                 [32m~~~~~~~~~~~~~~~~~~~[0m

  Error occurs in the template of component DashboardTallerComponent.

    src/app/dashboards/taller/dashboard-taller.component.ts:37:15:
[37m      37 │   templateUrl: [32m'./dashboard-taller.component.html'[37m,
         ╵                [32m~~~~~~~~~~~~~~~~~~~~~~~~~~~~~~~~~~~[0m


[31mX [41;31m[[41;97mERROR[41;31m][0m [1mTS2339: Property 'errorSolicitudes' does not exist on type 'DashboardTallerComponent'.[0m [1m[35m[plugin angular-compiler][0m

    src/app/dashboards/taller/dashboard-taller.component.html:56:9:
[37m      56 │     @if ([32merrorSolicitudes[37m) {
         ╵          [32m~~~~~~~~~~~~~~~~[0m

  Error occurs in the template of component DashboardTallerComponent.

    src/app/dashboards/taller/dashboard-taller.component.ts:37:15:
[37m      37 │   templateUrl: [32m'./dashboard-taller.component.html'[37m,
         ╵                [32m~~~~~~~~~~~~~~~~~~~~~~~~~~~~~~~~~~~[0m


[31mX [41;31m[[41;97mERROR[41;31m][0m [1mTS2339: Property 'errorSolicitudes' does not exist on type 'DashboardTallerComponent'.[0m [1m[35m[plugin angular-compiler][0m

    src/app/dashboards/taller/dashboard-taller.component.html:58:23:
[37m      58 │         <span (click)="[32merrorSolicitudes[37m = null" class="close-btn">...
         ╵                        [32m~~~~~~~~~~~~~~~~[0m

  Error occurs in the template of component DashboardTallerComponent.

    src/app/dashboards/taller/dashboard-taller.component.ts:37:15:
[37m      37 │   templateUrl: [32m'./dashboard-taller.component.html'[37m,
         ╵                [32m~~~~~~~~~~~~~~~~~~~~~~~~~~~~~~~~~~~[0m


[31mX [41;31m[[41;97mERROR[41;31m][0m [1mTS2339: Property 'errorSolicitudes' does not exist on type 'DashboardTallerComponent'.[0m [1m[35m[plugin angular-compiler][0m

    src/app/dashboards/taller/dashboard-taller.component.html:59:11:
[37m      59 │         {{ [32merrorSolicitudes[37m }}
         ╵            [32m~~~~~~~~~~~~~~~~[0m

  Error occurs in the template of component DashboardTallerComponent.

    src/app/dashboards/taller/dashboard-taller.component.ts:37:15:
[37m      37 │   templateUrl: [32m'./dashboard-taller.component.html'[37m,
         ╵                [32m~~~~~~~~~~~~~~~~~~~~~~~~~~~~~~~~~~~[0m


[31mX [41;31m[[41;97mERROR[41;31m][0m [1mTS2339: Property 'cargandoSolicitudes' does not exist on type 'DashboardTallerComponent'.[0m [1m[35m[plugin angular-compiler][0m

    src/app/dashboards/taller/dashboard-taller.component.html:63:9:
[37m      63 │     @if ([32mcargandoSolicitudes[37m) {
         ╵          [32m~~~~~~~~~~~~~~~~~~~[0m

  Error occurs in the template of component DashboardTallerComponent.

    src/app/dashboards/taller/dashboard-taller.component.ts:37:15:
[37m      37 │   templateUrl: [32m'./dashboard-taller.component.html'[37m,
         ╵                [32m~~~~~~~~~~~~~~~~~~~~~~~~~~~~~~~~~~~[0m


[31mX [41;31m[[41;97mERROR[41;31m][0m [1mTS2551: Property 'solicitudesPendientes' does not exist on type 'DashboardTallerComponent'. Did you mean 'cargarSolicitudesPendientes'?[0m [1m[35m[plugin angular-compiler][0m

    src/app/dashboards/taller/dashboard-taller.component.html:65:16:
[37m      65 │     } @else if ([32msolicitudesPendientes[37m.length === 0) {
         ╵                 [32m~~~~~~~~~~~~~~~~~~~~~[0m

  Error occurs in the template of component DashboardTallerComponent.

    src/app/dashboards/taller/dashboard-taller.component.ts:37:15:
[37m      37 │   templateUrl: [32m'./dashboard-taller.component.html'[37m,
         ╵                [32m~~~~~~~~~~~~~~~~~~~~~~~~~~~~~~~~~~~[0m


[31mX [41;31m[[41;97mERROR[41;31m][0m [1mTS2551: Property 'solicitudesPendientes' does not exist on type 'DashboardTallerComponent'. Did you mean 'cargarSolicitudesPendientes'?[0m [1m[35m[plugin angular-compiler][0m

    src/app/dashboards/taller/dashboard-taller.component.html:71:19:
[37m      71 │         @for (s of [32msolicitudesPendientes[37m; track s.id_asignacion) {
         ╵                    [32m~~~~~~~~~~~~~~~~~~~~~[0m

  Error occurs in the template of component DashboardTallerComponent.

    src/app/dashboards/taller/dashboard-taller.component.ts:37:15:
[37m      37 │   templateUrl: [32m'./dashboard-taller.component.html'[37m,
         ╵                [32m~~~~~~~~~~~~~~~~~~~~~~~~~~~~~~~~~~~[0m


[31mX [41;31m[[41;97mERROR[41;31m][0m [1mTS2420: Class 'DashboardTallerComponent' incorrectly implements interface 'OnDestroy'.
  Property 'ngOnDestroy' is missing in type 'DashboardTallerComponent' but required in type 'OnDestroy'.[0m [1m[35m[plugin angular-compiler][0m

    src/app/dashboards/taller/dashboard-taller.component.ts:40:13:
[37m      40 │ export class [32mDashboardTallerComponent[37m implements OnInit, OnDestroy {
         ╵              [32m~~~~~~~~~~~~~~~~~~~~~~~~[0m

  'ngOnDestroy' is declared here.

    node_modules/@angular/core/types/core.d.ts:783:4:
[37m      783 │     [32mngOnDestroy(): void;[37m
          ╵     [32m~~~~~~~~~~~~~~~~~~~~[0m


[31mX [41;31m[[41;97mERROR[41;31m][0m [1mTS2339: Property 'cargandoSolicitudes' does not exist on type 'DashboardTallerComponent'.[0m [1m[35m[plugin angular-compiler][0m

    src/app/dashboards/taller/dashboard-taller.component.ts:135:9:
[37m      135 │     this.[32mcargandoSolicitudes[37m = true;
          ╵          [32m~~~~~~~~~~~~~~~~~~~[0m


[31mX [41;31m[[41;97mERROR[41;31m][0m [1mTS2339: Property 'errorSolicitudes' does not exist on type 'DashboardTallerComponent'.[0m [1m[35m[plugin angular-compiler][0m

    src/app/dashboards/taller/dashboard-taller.component.ts:136:9:
[37m      136 │     this.[32merrorSolicitudes[37m = null;
          ╵          [32m~~~~~~~~~~~~~~~~[0m


[31mX [41;31m[[41;97mERROR[41;31m][0m [1mTS2551: Property 'solicitudesPendientes' does not exist on type 'DashboardTallerComponent'. Did you mean 'cargarSolicitudesPendientes'?[0m [1m[35m[plugin angular-compiler][0m

    src/app/dashboards/taller/dashboard-taller.component.ts:140:13:
[37m      140 │         this.[32msolicitudesPendientes[37m = data;
          ╵              [32m~~~~~~~~~~~~~~~~~~~~~[0m

  'cargarSolicitudesPendientes' is declared here.

    src/app/dashboards/taller/dashboard-taller.component.ts:130:2:
[37m      130 │   [32mcargarSolicitudesPendientes[37m(): void {
          ╵   [32m~~~~~~~~~~~~~~~~~~~~~~~~~~~[0m


[31mX [41;31m[[41;97mERROR[41;31m][0m [1mTS2339: Property 'cargandoSolicitudes' does not exist on type 'DashboardTallerComponent'.[0m [1m[35m[plugin angular-compiler][0m

    src/app/dashboards/taller/dashboard-taller.component.ts:142:13:
[37m      142 │         this.[32mcargandoSolicitudes[37m = false;
          ╵              [32m~~~~~~~~~~~~~~~~~~~[0m


[31mX [41;31m[[41;97mERROR[41;31m][0m [1mTS2339: Property 'errorSolicitudes' does not exist on type 'DashboardTallerComponent'.[0m [1m[35m[plugin angular-compiler][0m

    src/app/dashboards/taller/dashboard-taller.component.ts:146:13:
[37m      146 │         this.[32merrorSolicitudes[37m = err?.error?.detail || err?.messag...
          ╵              [32m~~~~~~~~~~~~~~~~[0m


[31mX [41;31m[[41;97mERROR[41;31m][0m [1mTS2339: Property 'cargandoSolicitudes' does not exist on type 'DashboardTallerComponent'.[0m [1m[35m[plugin angular-compiler][0m

    src/app/dashboards/taller/dashboard-taller.component.ts:147:13:
[37m      147 │         this.[32mcargandoSolicitudes[37m = false;
          ╵              [32m~~~~~~~~~~~~~~~~~~~[0m


[31mX [41;31m[[41;97mERROR[41;31m][0m [1mTS2339: Property 'cargandoSolicitudes' does not exist on type 'DashboardTallerComponent'.[0m [1m[35m[plugin angular-compiler][0m

    src/app/dashboards/taller/dashboard-taller.component.ts:156:9:
[37m      156 │     this.[32mcargandoSolicitudes[37m = true;
          ╵          [32m~~~~~~~~~~~~~~~~~~~[0m


[31mX [41;31m[[41;97mERROR[41;31m][0m [1mTS2551: Property 'solicitudesPendientes' does not exist on type 'DashboardTallerComponent'. Did you mean 'cargarSolicitudesPendientes'?[0m [1m[35m[plugin angular-compiler][0m

    src/app/dashboards/taller/dashboard-taller.component.ts:171:13:
[37m      171 │         this.[32msolicitudesPendientes[37m = pendientes;
          ╵              [32m~~~~~~~~~~~~~~~~~~~~~[0m

  'cargarSolicitudesPendientes' is declared here.

    src/app/dashboards/taller/dashboard-taller.component.ts:130:2:
[37m      130 │   [32mcargarSolicitudesPendientes[37m(): void {
          ╵   [32m~~~~~~~~~~~~~~~~~~~~~~~~~~~[0m


[31mX [41;31m[[41;97mERROR[41;31m][0m [1mTS2339: Property 'cargandoSolicitudes' does not exist on type 'DashboardTallerComponent'.[0m [1m[35m[plugin angular-compiler][0m

    src/app/dashboards/taller/dashboard-taller.component.ts:197:13:
[37m      197 │         this.[32mcargandoSolicitudes[37m = false;
          ╵              [32m~~~~~~~~~~~~~~~~~~~[0m


[31mX [41;31m[[41;97mERROR[41;31m][0m [1mTS2339: Property 'cargandoSolicitudes' does not exist on type 'DashboardTallerComponent'.[0m [1m[35m[plugin angular-compiler][0m

    src/app/dashboards/taller/dashboard-taller.component.ts:205:13:
[37m      205 │         this.[32mcargandoSolicitudes[37m = false;
          ╵              [32m~~~~~~~~~~~~~~~~~~~[0m

[39m[22m
[33m❯[39m Changes detected. Rebuilding...
[32m✔[39m Changes detected. Rebuilding...
Application bundle generation failed. [0.254 seconds] - 2026-05-22T15:30:17.930Z

[1m[31m[31mX [41;31m[[41;97mERROR[41;31m][0m [1mTS2339: Property 'cargarSolicitudesPendientes' does not exist on type 'DashboardTallerComponent'.[0m [1m[35m[plugin angular-compiler][0m

    src/app/dashboards/taller/dashboard-taller.component.html:47:61:
[37m      47 │ ...n-small" (click)="[32mcargarSolicitudesPendientes[37m()" [disabled]="ca...
         ╵                      [32m~~~~~~~~~~~~~~~~~~~~~~~~~~~[0m

  Error occurs in the template of component DashboardTallerComponent.

    src/app/dashboards/taller/dashboard-taller.component.ts:37:15:
[37m      37 │   templateUrl: [32m'./dashboard-taller.component.html'[37m,
         ╵                [32m~~~~~~~~~~~~~~~~~~~~~~~~~~~~~~~~~~~[0m


[31mX [41;31m[[41;97mERROR[41;31m][0m [1mTS2339: Property 'cargandoSolicitudes' does not exist on type 'DashboardTallerComponent'.[0m [1m[35m[plugin angular-compiler][0m

    src/app/dashboards/taller/dashboard-taller.component.html:47:104:
[37m      47 │ ...="cargarSolicitudesPendientes()" [disabled]="[32mcargandoSolicitudes[37m">
         ╵                                                 [32m~~~~~~~~~~~~~~~~~~~[0m

  Error occurs in the template of component DashboardTallerComponent.

    src/app/dashboards/taller/dashboard-taller.component.ts:37:15:
[37m      37 │   templateUrl: [32m'./dashboard-taller.component.html'[37m,
         ╵                [32m~~~~~~~~~~~~~~~~~~~~~~~~~~~~~~~~~~~[0m


[31mX [41;31m[[41;97mERROR[41;31m][0m [1mTS2339: Property 'errorSolicitudes' does not exist on type 'DashboardTallerComponent'.[0m [1m[35m[plugin angular-compiler][0m

    src/app/dashboards/taller/dashboard-taller.component.html:56:9:
[37m      56 │     @if ([32merrorSolicitudes[37m) {
         ╵          [32m~~~~~~~~~~~~~~~~[0m

  Error occurs in the template of component DashboardTallerComponent.

    src/app/dashboards/taller/dashboard-taller.component.ts:37:15:
[37m      37 │   templateUrl: [32m'./dashboard-taller.component.html'[37m,
         ╵                [32m~~~~~~~~~~~~~~~~~~~~~~~~~~~~~~~~~~~[0m


[31mX [41;31m[[41;97mERROR[41;31m][0m [1mTS2339: Property 'errorSolicitudes' does not exist on type 'DashboardTallerComponent'.[0m [1m[35m[plugin angular-compiler][0m

    src/app/dashboards/taller/dashboard-taller.component.html:58:23:
[37m      58 │         <span (click)="[32merrorSolicitudes[37m = null" class="close-btn">...
         ╵                        [32m~~~~~~~~~~~~~~~~[0m

  Error occurs in the template of component DashboardTallerComponent.

    src/app/dashboards/taller/dashboard-taller.component.ts:37:15:
[37m      37 │   templateUrl: [32m'./dashboard-taller.component.html'[37m,
         ╵                [32m~~~~~~~~~~~~~~~~~~~~~~~~~~~~~~~~~~~[0m


[31mX [41;31m[[41;97mERROR[41;31m][0m [1mTS2339: Property 'errorSolicitudes' does not exist on type 'DashboardTallerComponent'.[0m [1m[35m[plugin angular-compiler][0m

    src/app/dashboards/taller/dashboard-taller.component.html:59:11:
[37m      59 │         {{ [32merrorSolicitudes[37m }}
         ╵            [32m~~~~~~~~~~~~~~~~[0m

  Error occurs in the template of component DashboardTallerComponent.

    src/app/dashboards/taller/dashboard-taller.component.ts:37:15:
[37m      37 │   templateUrl: [32m'./dashboard-taller.component.html'[37m,
         ╵                [32m~~~~~~~~~~~~~~~~~~~~~~~~~~~~~~~~~~~[0m


[31mX [41;31m[[41;97mERROR[41;31m][0m [1mTS2339: Property 'cargandoSolicitudes' does not exist on type 'DashboardTallerComponent'.[0m [1m[35m[plugin angular-compiler][0m

    src/app/dashboards/taller/dashboard-taller.component.html:63:9:
[37m      63 │     @if ([32mcargandoSolicitudes[37m) {
         ╵          [32m~~~~~~~~~~~~~~~~~~~[0m

  Error occurs in the template of component DashboardTallerComponent.

    src/app/dashboards/taller/dashboard-taller.component.ts:37:15:
[37m      37 │   templateUrl: [32m'./dashboard-taller.component.html'[37m,
         ╵                [32m~~~~~~~~~~~~~~~~~~~~~~~~~~~~~~~~~~~[0m


[31mX [41;31m[[41;97mERROR[41;31m][0m [1mTS2339: Property 'solicitudesPendientes' does not exist on type 'DashboardTallerComponent'.[0m [1m[35m[plugin angular-compiler][0m

    src/app/dashboards/taller/dashboard-taller.component.html:65:16:
[37m      65 │     } @else if ([32msolicitudesPendientes[37m.length === 0) {
         ╵                 [32m~~~~~~~~~~~~~~~~~~~~~[0m

  Error occurs in the template of component DashboardTallerComponent.

    src/app/dashboards/taller/dashboard-taller.component.ts:37:15:
[37m      37 │   templateUrl: [32m'./dashboard-taller.component.html'[37m,
         ╵                [32m~~~~~~~~~~~~~~~~~~~~~~~~~~~~~~~~~~~[0m


[31mX [41;31m[[41;97mERROR[41;31m][0m [1mTS2339: Property 'solicitudesPendientes' does not exist on type 'DashboardTallerComponent'.[0m [1m[35m[plugin angular-compiler][0m

    src/app/dashboards/taller/dashboard-taller.component.html:71:19:
[37m      71 │         @for (s of [32msolicitudesPendientes[37m; track s.id_asignacion) {
         ╵                    [32m~~~~~~~~~~~~~~~~~~~~~[0m

  Error occurs in the template of component DashboardTallerComponent.

    src/app/dashboards/taller/dashboard-taller.component.ts:37:15:
[37m      37 │   templateUrl: [32m'./dashboard-taller.component.html'[37m,
         ╵                [32m~~~~~~~~~~~~~~~~~~~~~~~~~~~~~~~~~~~[0m


[31mX [41;31m[[41;97mERROR[41;31m][0m [1mTS2339: Property 'cargandoSolicitudes' does not exist on type 'DashboardTallerComponent'.[0m [1m[35m[plugin angular-compiler][0m

    src/app/dashboards/taller/dashboard-taller.component.ts:192:9:
[37m      192 │     this.[32mcargandoSolicitudes[37m = true;
          ╵          [32m~~~~~~~~~~~~~~~~~~~[0m


[31mX [41;31m[[41;97mERROR[41;31m][0m [1mTS2339: Property 'solicitudesPendientes' does not exist on type 'DashboardTallerComponent'.[0m [1m[35m[plugin angular-compiler][0m

    src/app/dashboards/taller/dashboard-taller.component.ts:207:13:
[37m      207 │         this.[32msolicitudesPendientes[37m = pendientes;
          ╵              [32m~~~~~~~~~~~~~~~~~~~~~[0m


[31mX [41;31m[[41;97mERROR[41;31m][0m [1mTS2339: Property 'cargandoSolicitudes' does not exist on type 'DashboardTallerComponent'.[0m [1m[35m[plugin angular-compiler][0m

    src/app/dashboards/taller/dashboard-taller.component.ts:233:13:
[37m      233 │         this.[32mcargandoSolicitudes[37m = false;
          ╵              [32m~~~~~~~~~~~~~~~~~~~[0m


[31mX [41;31m[[41;97mERROR[41;31m][0m [1mTS2339: Property 'cargandoSolicitudes' does not exist on type 'DashboardTallerComponent'.[0m [1m[35m[plugin angular-compiler][0m

    src/app/dashboards/taller/dashboard-taller.component.ts:241:13:
[37m      241 │         this.[32mcargandoSolicitudes[37m = false;
          ╵              [32m~~~~~~~~~~~~~~~~~~~[0m

[39m[22m
[33m❯[39m Changes detected. Rebuilding...
[32m✔[39m Changes detected. Rebuilding...
Application bundle generation failed. [0.215 seconds] - 2026-05-22T15:30:34.076Z

[1m[31m[31mX [41;31m[[41;97mERROR[41;31m][0m [1mTS2339: Property 'cargarSolicitudesPendientes' does not exist on type 'DashboardTallerComponent'.[0m [1m[35m[plugin angular-compiler][0m

    src/app/dashboards/taller/dashboard-taller.component.html:47:61:
[37m      47 │ ...n-small" (click)="[32mcargarSolicitudesPendientes[37m()" [disabled]="ca...
         ╵                      [32m~~~~~~~~~~~~~~~~~~~~~~~~~~~[0m

  Error occurs in the template of component DashboardTallerComponent.

    src/app/dashboards/taller/dashboard-taller.component.ts:37:15:
[37m      37 │   templateUrl: [32m'./dashboard-taller.component.html'[37m,
         ╵                [32m~~~~~~~~~~~~~~~~~~~~~~~~~~~~~~~~~~~[0m


[31mX [41;31m[[41;97mERROR[41;31m][0m [1mTS2339: Property 'cargandoSolicitudes' does not exist on type 'DashboardTallerComponent'.[0m [1m[35m[plugin angular-compiler][0m

    src/app/dashboards/taller/dashboard-taller.component.html:47:104:
[37m      47 │ ...="cargarSolicitudesPendientes()" [disabled]="[32mcargandoSolicitudes[37m">
         ╵                                                 [32m~~~~~~~~~~~~~~~~~~~[0m

  Error occurs in the template of component DashboardTallerComponent.

    src/app/dashboards/taller/dashboard-taller.component.ts:37:15:
[37m      37 │   templateUrl: [32m'./dashboard-taller.component.html'[37m,
         ╵                [32m~~~~~~~~~~~~~~~~~~~~~~~~~~~~~~~~~~~[0m


[31mX [41;31m[[41;97mERROR[41;31m][0m [1mTS2339: Property 'errorSolicitudes' does not exist on type 'DashboardTallerComponent'.[0m [1m[35m[plugin angular-compiler][0m

    src/app/dashboards/taller/dashboard-taller.component.html:56:9:
[37m      56 │     @if ([32merrorSolicitudes[37m) {
         ╵          [32m~~~~~~~~~~~~~~~~[0m

  Error occurs in the template of component DashboardTallerComponent.

    src/app/dashboards/taller/dashboard-taller.component.ts:37:15:
[37m      37 │   templateUrl: [32m'./dashboard-taller.component.html'[37m,
         ╵                [32m~~~~~~~~~~~~~~~~~~~~~~~~~~~~~~~~~~~[0m


[31mX [41;31m[[41;97mERROR[41;31m][0m [1mTS2339: Property 'errorSolicitudes' does not exist on type 'DashboardTallerComponent'.[0m [1m[35m[plugin angular-compiler][0m

    src/app/dashboards/taller/dashboard-taller.component.html:58:23:
[37m      58 │         <span (click)="[32merrorSolicitudes[37m = null" class="close-btn">...
         ╵                        [32m~~~~~~~~~~~~~~~~[0m

  Error occurs in the template of component DashboardTallerComponent.

    src/app/dashboards/taller/dashboard-taller.component.ts:37:15:
[37m      37 │   templateUrl: [32m'./dashboard-taller.component.html'[37m,
         ╵                [32m~~~~~~~~~~~~~~~~~~~~~~~~~~~~~~~~~~~[0m


[31mX [41;31m[[41;97mERROR[41;31m][0m [1mTS2339: Property 'errorSolicitudes' does not exist on type 'DashboardTallerComponent'.[0m [1m[35m[plugin angular-compiler][0m

    src/app/dashboards/taller/dashboard-taller.component.html:59:11:
[37m      59 │         {{ [32merrorSolicitudes[37m }}
         ╵            [32m~~~~~~~~~~~~~~~~[0m

  Error occurs in the template of component DashboardTallerComponent.

    src/app/dashboards/taller/dashboard-taller.component.ts:37:15:
[37m      37 │   templateUrl: [32m'./dashboard-taller.component.html'[37m,
         ╵                [32m~~~~~~~~~~~~~~~~~~~~~~~~~~~~~~~~~~~[0m


[31mX [41;31m[[41;97mERROR[41;31m][0m [1mTS2339: Property 'cargandoSolicitudes' does not exist on type 'DashboardTallerComponent'.[0m [1m[35m[plugin angular-compiler][0m

    src/app/dashboards/taller/dashboard-taller.component.html:63:9:
[37m      63 │     @if ([32mcargandoSolicitudes[37m) {
         ╵          [32m~~~~~~~~~~~~~~~~~~~[0m

  Error occurs in the template of component DashboardTallerComponent.

    src/app/dashboards/taller/dashboard-taller.component.ts:37:15:
[37m      37 │   templateUrl: [32m'./dashboard-taller.component.html'[37m,
         ╵                [32m~~~~~~~~~~~~~~~~~~~~~~~~~~~~~~~~~~~[0m


[31mX [41;31m[[41;97mERROR[41;31m][0m [1mTS2339: Property 'solicitudesPendientes' does not exist on type 'DashboardTallerComponent'.[0m [1m[35m[plugin angular-compiler][0m

    src/app/dashboards/taller/dashboard-taller.component.html:65:16:
[37m      65 │     } @else if ([32msolicitudesPendientes[37m.length === 0) {
         ╵                 [32m~~~~~~~~~~~~~~~~~~~~~[0m

  Error occurs in the template of component DashboardTallerComponent.

    src/app/dashboards/taller/dashboard-taller.component.ts:37:15:
[37m      37 │   templateUrl: [32m'./dashboard-taller.component.html'[37m,
         ╵                [32m~~~~~~~~~~~~~~~~~~~~~~~~~~~~~~~~~~~[0m


[31mX [41;31m[[41;97mERROR[41;31m][0m [1mTS2339: Property 'solicitudesPendientes' does not exist on type 'DashboardTallerComponent'.[0m [1m[35m[plugin angular-compiler][0m

    src/app/dashboards/taller/dashboard-taller.component.html:71:19:
[37m      71 │         @for (s of [32msolicitudesPendientes[37m; track s.id_asignacion) {
         ╵                    [32m~~~~~~~~~~~~~~~~~~~~~[0m

  Error occurs in the template of component DashboardTallerComponent.

    src/app/dashboards/taller/dashboard-taller.component.ts:37:15:
[37m      37 │   templateUrl: [32m'./dashboard-taller.component.html'[37m,
         ╵                [32m~~~~~~~~~~~~~~~~~~~~~~~~~~~~~~~~~~~[0m


[31mX [41;31m[[41;97mERROR[41;31m][0m [1mTS2339: Property 'cargandoSolicitudes' does not exist on type 'DashboardTallerComponent'.[0m [1m[35m[plugin angular-compiler][0m

    src/app/dashboards/taller/dashboard-taller.component.ts:231:13:
[37m      231 │         this.[32mcargandoSolicitudes[37m = false;
          ╵              [32m~~~~~~~~~~~~~~~~~~~[0m


[31mX [41;31m[[41;97mERROR[41;31m][0m [1mTS2339: Property 'cargandoSolicitudes' does not exist on type 'DashboardTallerComponent'.[0m [1m[35m[plugin angular-compiler][0m

    src/app/dashboards/taller/dashboard-taller.component.ts:239:13:
[37m      239 │         this.[32mcargandoSolicitudes[37m = false;
          ╵              [32m~~~~~~~~~~~~~~~~~~~[0m

[39m[22m
[33m❯[39m Changes detected. Rebuilding...
[32m✔[39m Changes detected. Rebuilding...
Application bundle generation failed. [0.229 seconds] - 2026-05-22T15:30:41.695Z

[1m[31m[31mX [41;31m[[41;97mERROR[41;31m][0m [1mTS2339: Property 'cargarSolicitudesPendientes' does not exist on type 'DashboardTallerComponent'.[0m [1m[35m[plugin angular-compiler][0m

    src/app/dashboards/taller/dashboard-taller.component.html:47:61:
[37m      47 │ ...n-small" (click)="[32mcargarSolicitudesPendientes[37m()" [disabled]="ca...
         ╵                      [32m~~~~~~~~~~~~~~~~~~~~~~~~~~~[0m

  Error occurs in the template of component DashboardTallerComponent.

    src/app/dashboards/taller/dashboard-taller.component.ts:37:15:
[37m      37 │   templateUrl: [32m'./dashboard-taller.component.html'[37m,
         ╵                [32m~~~~~~~~~~~~~~~~~~~~~~~~~~~~~~~~~~~[0m


[31mX [41;31m[[41;97mERROR[41;31m][0m [1mTS2339: Property 'cargandoSolicitudes' does not exist on type 'DashboardTallerComponent'.[0m [1m[35m[plugin angular-compiler][0m

    src/app/dashboards/taller/dashboard-taller.component.html:47:104:
[37m      47 │ ...="cargarSolicitudesPendientes()" [disabled]="[32mcargandoSolicitudes[37m">
         ╵                                                 [32m~~~~~~~~~~~~~~~~~~~[0m

  Error occurs in the template of component DashboardTallerComponent.

    src/app/dashboards/taller/dashboard-taller.component.ts:37:15:
[37m      37 │   templateUrl: [32m'./dashboard-taller.component.html'[37m,
         ╵                [32m~~~~~~~~~~~~~~~~~~~~~~~~~~~~~~~~~~~[0m


[31mX [41;31m[[41;97mERROR[41;31m][0m [1mTS2339: Property 'errorSolicitudes' does not exist on type 'DashboardTallerComponent'.[0m [1m[35m[plugin angular-compiler][0m

    src/app/dashboards/taller/dashboard-taller.component.html:56:9:
[37m      56 │     @if ([32merrorSolicitudes[37m) {
         ╵          [32m~~~~~~~~~~~~~~~~[0m

  Error occurs in the template of component DashboardTallerComponent.

    src/app/dashboards/taller/dashboard-taller.component.ts:37:15:
[37m      37 │   templateUrl: [32m'./dashboard-taller.component.html'[37m,
         ╵                [32m~~~~~~~~~~~~~~~~~~~~~~~~~~~~~~~~~~~[0m


[31mX [41;31m[[41;97mERROR[41;31m][0m [1mTS2339: Property 'errorSolicitudes' does not exist on type 'DashboardTallerComponent'.[0m [1m[35m[plugin angular-compiler][0m

    src/app/dashboards/taller/dashboard-taller.component.html:58:23:
[37m      58 │         <span (click)="[32merrorSolicitudes[37m = null" class="close-btn">...
         ╵                        [32m~~~~~~~~~~~~~~~~[0m

  Error occurs in the template of component DashboardTallerComponent.

    src/app/dashboards/taller/dashboard-taller.component.ts:37:15:
[37m      37 │   templateUrl: [32m'./dashboard-taller.component.html'[37m,
         ╵                [32m~~~~~~~~~~~~~~~~~~~~~~~~~~~~~~~~~~~[0m


[31mX [41;31m[[41;97mERROR[41;31m][0m [1mTS2339: Property 'errorSolicitudes' does not exist on type 'DashboardTallerComponent'.[0m [1m[35m[plugin angular-compiler][0m

    src/app/dashboards/taller/dashboard-taller.component.html:59:11:
[37m      59 │         {{ [32merrorSolicitudes[37m }}
         ╵            [32m~~~~~~~~~~~~~~~~[0m

  Error occurs in the template of component DashboardTallerComponent.

    src/app/dashboards/taller/dashboard-taller.component.ts:37:15:
[37m      37 │   templateUrl: [32m'./dashboard-taller.component.html'[37m,
         ╵                [32m~~~~~~~~~~~~~~~~~~~~~~~~~~~~~~~~~~~[0m


[31mX [41;31m[[41;97mERROR[41;31m][0m [1mTS2339: Property 'cargandoSolicitudes' does not exist on type 'DashboardTallerComponent'.[0m [1m[35m[plugin angular-compiler][0m

    src/app/dashboards/taller/dashboard-taller.component.html:63:9:
[37m      63 │     @if ([32mcargandoSolicitudes[37m) {
         ╵          [32m~~~~~~~~~~~~~~~~~~~[0m

  Error occurs in the template of component DashboardTallerComponent.

    src/app/dashboards/taller/dashboard-taller.component.ts:37:15:
[37m      37 │   templateUrl: [32m'./dashboard-taller.component.html'[37m,
         ╵                [32m~~~~~~~~~~~~~~~~~~~~~~~~~~~~~~~~~~~[0m


[31mX [41;31m[[41;97mERROR[41;31m][0m [1mTS2339: Property 'solicitudesPendientes' does not exist on type 'DashboardTallerComponent'.[0m [1m[35m[plugin angular-compiler][0m

    src/app/dashboards/taller/dashboard-taller.component.html:65:16:
[37m      65 │     } @else if ([32msolicitudesPendientes[37m.length === 0) {
         ╵                 [32m~~~~~~~~~~~~~~~~~~~~~[0m

  Error occurs in the template of component DashboardTallerComponent.

    src/app/dashboards/taller/dashboard-taller.component.ts:37:15:
[37m      37 │   templateUrl: [32m'./dashboard-taller.component.html'[37m,
         ╵                [32m~~~~~~~~~~~~~~~~~~~~~~~~~~~~~~~~~~~[0m


[31mX [41;31m[[41;97mERROR[41;31m][0m [1mTS2339: Property 'solicitudesPendientes' does not exist on type 'DashboardTallerComponent'.[0m [1m[35m[plugin angular-compiler][0m

    src/app/dashboards/taller/dashboard-taller.component.html:71:19:
[37m      71 │         @for (s of [32msolicitudesPendientes[37m; track s.id_asignacion) {
         ╵                    [32m~~~~~~~~~~~~~~~~~~~~~[0m

  Error occurs in the template of component DashboardTallerComponent.

    src/app/dashboards/taller/dashboard-taller.component.ts:37:15:
[37m      37 │   templateUrl: [32m'./dashboard-taller.component.html'[37m,
         ╵                [32m~~~~~~~~~~~~~~~~~~~~~~~~~~~~~~~~~~~[0m

[39m[22m
[33m❯[39m Changes detected. Rebuilding...
[32m✔[39m Changes detected. Rebuilding...
[1mInitial chunk files[22m[2m | [22m[1mNames[22m        [2m | [22m [1mRaw size[22m
[32mmain.js[39m            [2m | [22m[2mmain[22m         [2m | [22m[36m741.39 kB[39m[2m | [22m
[32mstyles.css[39m         [2m | [22m[2mstyles[22m       [2m | [22m [36m33.99 kB[39m[2m | [22m
[32mchunk-4U35PKH7.js[39m  [2m | [22m[2m-[22m            [2m | [22m  [36m1.68 kB[39m[2m | [22m

[1m [22m                  [2m | [22m[1mInitial total[22m[2m | [22m[1m777.06 kB[22m

[1mLazy chunk files[22m   [2m | [22m[1mNames[22m        [2m | [22m [1mRaw size[22m
[32mchunk-J3AUTR6M.js[39m  [2m | [22m[2menvironment[22m  [2m | [22m[36m122 bytes[39m[2m | [22m

Application bundle generation complete. [0.277 seconds] - 2026-05-22T15:31:15.248Z

Page reload sent to client(s).
[33m❯[39m Changes detected. Rebuilding...
[32m✔[39m Changes detected. Rebuilding...
[1mInitial chunk files[22m[2m | [22m[1mNames[22m[2m | [22m [1mRaw size[22m
[32mmain.js[39m            [2m | [22m[2mmain[22m [2m | [22m[36m748.15 kB[39m[2m | [22m

Application bundle generation complete. [0.341 seconds] - 2026-05-22T15:31:42.174Z

Component update sent to client(s).
[33m❯[39m Changes detected. Rebuilding...
[32m✔[39m Changes detected. Rebuilding...
[1mInitial chunk files[22m[2m | [22m[1mNames[22m[2m | [22m [1mRaw size[22m
[32mmain.js[39m            [2m | [22m[2mmain[22m [2m | [22m[36m747.84 kB[39m[2m | [22m

Application bundle generation complete. [0.119 seconds] - 2026-05-22T15:31:58.610Z

Component update sent to client(s).
[33m❯[39m Changes detected. Rebuilding...
[32m✔[39m Changes detected. Rebuilding...
Application bundle generation failed. [0.107 seconds] - 2026-05-22T15:32:04.919Z

[1m[31m[31mX [41;31m[[41;97mERROR[41;31m][0m [1mTS2552: Cannot find name 'EmergenciasComponent'. Did you mean 'ResenasComponent'?[0m [1m[35m[plugin angular-compiler][0m

    src/app/app.routes.ts:53:44:
[37m      53 │           { path: 'emergencias', component: [32mEmergenciasComponent[37m },
         ╵                                             [32m~~~~~~~~~~~~~~~~~~~~[0m

[39m[22m
[33m❯[39m Changes detected. Rebuilding...
[32m✔[39m Changes detected. Rebuilding...
[1mInitial chunk files[22m[2m | [22m[1mNames[22m        [2m | [22m [1mRaw size[22m
[32mmain.js[39m            [2m | [22m[2mmain[22m         [2m | [22m[36m729.20 kB[39m[2m | [22m
[32mstyles.css[39m         [2m | [22m[2mstyles[22m       [2m | [22m [36m33.99 kB[39m[2m | [22m
[32mchunk-4U35PKH7.js[39m  [2m | [22m[2m-[22m            [2m | [22m  [36m1.68 kB[39m[2m | [22m

[1m [22m                  [2m | [22m[1mInitial total[22m[2m | [22m[1m764.87 kB[22m

[1mLazy chunk files[22m   [2m | [22m[1mNames[22m        [2m | [22m [1mRaw size[22m
[32mchunk-J3AUTR6M.js[39m  [2m | [22m[2menvironment[22m  [2m | [22m[36m122 bytes[39m[2m | [22m

Application bundle generation complete. [0.086 seconds] - 2026-05-22T15:32:12.783Z

Page reload sent to client(s).
[33m❯[39m Changes detected. Rebuilding...
[32m✔[39m Changes detected. Rebuilding...

No output file changes.

Application bundle generation complete. [0.152 seconds] - 2026-05-22T15:32:25.417Z

Page reload sent to client(s).
